<?xml version="1.0" encoding="UTF-8"?>
<!-- Generated by org.testng.reporters.JUnitReportReporter -->
<testsuite hostname="Sourabh" failures="0" tests="3" name="OrchidCollegeWebSite.Sample" time="11.472" errors="0" timestamp="2022-12-03T09:02:38 IST" skipped="0">
  <testcase classname="OrchidCollegeWebSite.Sample" name="contactUs" time="3.344"/>
  <system-out/>
  <testcase classname="OrchidCollegeWebSite.Sample" name="entcDepartment" time="2.853"/>
  <system-out/>
  <testcase classname="OrchidCollegeWebSite.Sample" name="searchButton" time="5.275"/>
  <system-out/>
</testsuite> <!-- OrchidCollegeWebSite.Sample -->
