<?xml version="1.0" encoding="UTF-8"?>
<!-- Generated by org.testng.reporters.JUnitReportReporter -->
<testsuite hostname="Sourabh" failures="0" tests="3" name="OrchidCollegeWebSite.ContactUs" time="9.693" errors="0" timestamp="2023-01-02T07:47:37 IST" skipped="0">
  <testcase classname="OrchidCollegeWebSite.ContactUs" name="contactUsTest" time="4.153"/>
  <system-out/>
  <testcase classname="OrchidCollegeWebSite.ContactUs" name="VisionMissionLink" time="2.426"/>
  <system-out/>
  <testcase classname="OrchidCollegeWebSite.ContactUs" name="AboutPNESLink" time="3.114"/>
  <system-out/>
</testsuite> <!-- OrchidCollegeWebSite.ContactUs -->
