<?xml version="1.0" encoding="UTF-8"?>
<!-- Generated by org.testng.reporters.JUnitReportReporter -->
<testsuite hostname="Sourabh" failures="0" tests="10" name="OrchidCollegeWebSite.Research" time="47.091" errors="0" timestamp="2023-01-02T12:26:31 IST" skipped="0">
  <testcase classname="OrchidCollegeWebSite.Research" name="OrganogramLink1" time="7.978"/>
  <system-out/>
  <testcase classname="OrchidCollegeWebSite.Research" name="OrganogramLink4" time="2.407"/>
  <system-out/>
  <testcase classname="OrchidCollegeWebSite.Research" name="VisionMissionLink" time="2.458"/>
  <system-out/>
  <testcase classname="OrchidCollegeWebSite.Research" name="CoreValuesLink" time="2.725"/>
  <system-out/>
  <testcase classname="OrchidCollegeWebSite.Research" name="OrganogramLink3" time="2.684"/>
  <system-out/>
  <testcase classname="OrchidCollegeWebSite.Research" name="PrincipalsDeskLink" time="5.111"/>
  <system-out/>
  <testcase classname="OrchidCollegeWebSite.Research" name="AboutNKOCETLink" time="13.708"/>
  <system-out/>
  <testcase classname="OrchidCollegeWebSite.Research" name="OrganogramLink" time="2.836"/>
  <system-out/>
  <testcase classname="OrchidCollegeWebSite.Research" name="AboutPNESLink" time="3.755"/>
  <system-out/>
  <testcase classname="OrchidCollegeWebSite.Research" name="OrganogramLink2" time="3.429"/>
  <system-out/>
</testsuite> <!-- OrchidCollegeWebSite.Research -->
