<?xml version="1.0" encoding="UTF-8"?>
<!-- Generated by org.testng.reporters.JUnitReportReporter -->
<testsuite hostname="Sourabh" failures="0" tests="9" name="OrchidCollegeWebSite.Sample" time="30.339" errors="0" timestamp="2022-12-09T21:12:01 IST" skipped="0">
  <testcase classname="OrchidCollegeWebSite.Sample" name="linkTestLinkediInLink" time="5.269"/>
  <system-out/>
  <testcase classname="OrchidCollegeWebSite.Sample" name="entcDepartmentStaff1" time="0.690"/>
  <system-out/>
  <testcase classname="OrchidCollegeWebSite.Sample" name="searchButton" time="5.549"/>
  <system-out/>
  <testcase classname="OrchidCollegeWebSite.Sample" name="contactUs" time="4.353"/>
  <system-out/>
  <testcase classname="OrchidCollegeWebSite.Sample" name="linkTestFacebookLink" time="0.232"/>
  <system-out/>
  <testcase classname="OrchidCollegeWebSite.Sample" name="entcDepartmentStaff2" time="0.071"/>
  <system-out/>
  <testcase classname="OrchidCollegeWebSite.Sample" name="linkTestTwitterLink" time="5.249"/>
  <system-out/>
  <testcase classname="OrchidCollegeWebSite.Sample" name="linkTestYoutubeLink" time="5.245"/>
  <system-out/>
  <testcase classname="OrchidCollegeWebSite.Sample" name="entcDepartment" time="3.681"/>
  <system-out/>
</testsuite> <!-- OrchidCollegeWebSite.Sample -->
