<?xml version="1.0" encoding="UTF-8"?>
<!-- Generated by org.testng.reporters.JUnitReportReporter -->
<testsuite hostname="Sourabh" failures="0" tests="10" name="OrchidCollegeWebSite.OrchidWebSiteTest" time="48.135" errors="0" timestamp="2022-12-14T10:52:28 IST" skipped="0">
  <testcase classname="OrchidCollegeWebSite.OrchidWebSiteTest" name="entcDepartment" time="2.959"/>
  <system-out/>
  <testcase classname="OrchidCollegeWebSite.OrchidWebSiteTest" name="linkTestYoutubeLink" time="5.204"/>
  <system-out/>
  <testcase classname="OrchidCollegeWebSite.OrchidWebSiteTest" name="contactUs" time="3.212"/>
  <system-out/>
  <testcase classname="OrchidCollegeWebSite.OrchidWebSiteTest" name="linkTestTwitterLink" time="5.233"/>
  <system-out/>
  <testcase classname="OrchidCollegeWebSite.OrchidWebSiteTest" name="noLink" time="20.629"/>
  <system-out/>
  <testcase classname="OrchidCollegeWebSite.OrchidWebSiteTest" name="linkTestFacebookLink" time="0.226"/>
  <system-out/>
  <testcase classname="OrchidCollegeWebSite.OrchidWebSiteTest" name="linkTestLinkediInLink" time="5.238"/>
  <system-out/>
  <testcase classname="OrchidCollegeWebSite.OrchidWebSiteTest" name="searchButton" time="4.603"/>
  <system-out/>
  <testcase classname="OrchidCollegeWebSite.OrchidWebSiteTest" name="entcDepartmentStaff2" time="0.063"/>
  <system-out/>
  <testcase classname="OrchidCollegeWebSite.OrchidWebSiteTest" name="entcDepartmentStaff1" time="0.768"/>
  <system-out/>
</testsuite> <!-- OrchidCollegeWebSite.OrchidWebSiteTest -->
