<?xml version="1.0" encoding="UTF-8"?>
<!-- Generated by org.testng.reporters.JUnitReportReporter -->
<testsuite hostname="Sourabh" failures="0" tests="2" name="OrchidCollegeWebSite.FeeStructureLinks" time="4.906" errors="0" timestamp="2023-01-02T12:26:31 IST" skipped="0">
  <testcase classname="OrchidCollegeWebSite.FeeStructureLinks" name="FEESTRUCTURETLink" time="3.757"/>
  <system-out/>
  <testcase classname="OrchidCollegeWebSite.FeeStructureLinks" name="FeeStructureforAY2022_23Link" time="1.149"/>
  <system-out/>
</testsuite> <!-- OrchidCollegeWebSite.FeeStructureLinks -->
