<?xml version="1.0" encoding="UTF-8"?>
<!-- Generated by org.testng.reporters.JUnitReportReporter -->
<testsuite hostname="Sourabh" failures="0" tests="10" name="OrchidCollegeWebSite.AboutUsLInks4" time="31.479" errors="0" timestamp="2022-12-21T10:14:32 IST" skipped="0">
  <testcase classname="OrchidCollegeWebSite.AboutUsLInks4" name="OrganogramLink1" time="2.410"/>
  <system-out/>
  <testcase classname="OrchidCollegeWebSite.AboutUsLInks4" name="CoreValuesLink" time="2.463"/>
  <system-out/>
  <testcase classname="OrchidCollegeWebSite.AboutUsLInks4" name="OrganogramLink3" time="2.768"/>
  <system-out/>
  <testcase classname="OrchidCollegeWebSite.AboutUsLInks4" name="OrganogramLink4" time="3.174"/>
  <system-out/>
  <testcase classname="OrchidCollegeWebSite.AboutUsLInks4" name="AboutNKOCETLink" time="2.918"/>
  <system-out/>
  <testcase classname="OrchidCollegeWebSite.AboutUsLInks4" name="PrincipalsDeskLink" time="6.158"/>
  <system-out/>
  <testcase classname="OrchidCollegeWebSite.AboutUsLInks4" name="VisionMissionLink" time="3.187"/>
  <system-out/>
  <testcase classname="OrchidCollegeWebSite.AboutUsLInks4" name="OrganogramLink2" time="3.428"/>
  <system-out/>
  <testcase classname="OrchidCollegeWebSite.AboutUsLInks4" name="OrganogramLink" time="2.461"/>
  <system-out/>
  <testcase classname="OrchidCollegeWebSite.AboutUsLInks4" name="AboutPNESLink" time="2.512"/>
  <system-out/>
</testsuite> <!-- OrchidCollegeWebSite.AboutUsLInks4 -->
