<?xml version="1.0" encoding="UTF-8"?>
<!-- Generated by org.testng.reporters.JUnitReportReporter -->
<testsuite hostname="Sourabh" failures="0" tests="1" name="OrchidCollegeWebSite.SuggestionsOrGrievances" time="3.894" errors="0" timestamp="2023-01-02T07:47:37 IST" skipped="0">
  <testcase classname="OrchidCollegeWebSite.SuggestionsOrGrievances" name="AboutNKOCETLink" time="3.894"/>
  <system-out/>
</testsuite> <!-- OrchidCollegeWebSite.SuggestionsOrGrievances -->
