<?xml version="1.0" encoding="UTF-8"?>
<!-- Generated by org.testng.reporters.JUnitReportReporter -->
<testsuite hostname="Sourabh" failures="0" tests="7" name="OrchidCollegeWebSite.DepartmentsLInks" time="37.777" errors="0" timestamp="2023-01-02T07:47:37 IST" skipped="0">
  <testcase classname="OrchidCollegeWebSite.DepartmentsLInks" name="PrincipalsDeskLink" time="3.860"/>
  <system-out/>
  <testcase classname="OrchidCollegeWebSite.DepartmentsLInks" name="CoreValuesLink" time="6.635"/>
  <system-out/>
  <testcase classname="OrchidCollegeWebSite.DepartmentsLInks" name="OrganogramLink" time="4.003"/>
  <system-out/>
  <testcase classname="OrchidCollegeWebSite.DepartmentsLInks" name="OrganogramLink2" time="2.989"/>
  <system-out/>
  <testcase classname="OrchidCollegeWebSite.DepartmentsLInks" name="AboutNKOCETLink" time="5.454"/>
  <system-out/>
  <testcase classname="OrchidCollegeWebSite.DepartmentsLInks" name="AboutPNESLink" time="3.278"/>
  <system-out/>
  <testcase classname="OrchidCollegeWebSite.DepartmentsLInks" name="VisionMissionLink" time="11.558"/>
  <system-out/>
</testsuite> <!-- OrchidCollegeWebSite.DepartmentsLInks -->
