<?xml version="1.0" encoding="UTF-8"?>
<!-- Generated by org.testng.reporters.JUnitReportReporter -->
<testsuite hostname="Sourabh" failures="0" tests="7" name="OrchidCollegeWebSite.DepartmentsLInks" time="92.032" errors="0" timestamp="2023-01-02T12:26:31 IST" skipped="0">
  <testcase classname="OrchidCollegeWebSite.DepartmentsLInks" name="AboutPNESLink" time="8.205"/>
  <system-out/>
  <testcase classname="OrchidCollegeWebSite.DepartmentsLInks" name="PrincipalsDeskLink" time="3.765"/>
  <system-out/>
  <testcase classname="OrchidCollegeWebSite.DepartmentsLInks" name="OrganogramLink2" time="2.868"/>
  <system-out/>
  <testcase classname="OrchidCollegeWebSite.DepartmentsLInks" name="AboutNKOCETLink" time="21.039"/>
  <system-out/>
  <testcase classname="OrchidCollegeWebSite.DepartmentsLInks" name="CoreValuesLink" time="7.590"/>
  <system-out/>
  <testcase classname="OrchidCollegeWebSite.DepartmentsLInks" name="VisionMissionLink" time="35.825"/>
  <system-out/>
  <testcase classname="OrchidCollegeWebSite.DepartmentsLInks" name="OrganogramLink" time="12.740"/>
  <system-out/>
</testsuite> <!-- OrchidCollegeWebSite.DepartmentsLInks -->
