<?xml version="1.0" encoding="UTF-8"?>
<!-- Generated by org.testng.reporters.JUnitReportReporter -->
<testsuite hostname="Sourabh" failures="0" tests="6" name="OrchidCollegeWebSite.ResearchLInks" time="27.840" errors="0" timestamp="2023-01-02T07:47:37 IST" skipped="0">
  <testcase classname="OrchidCollegeWebSite.ResearchLInks" name="PrincipalsDeskLink" time="2.415"/>
  <system-out/>
  <testcase classname="OrchidCollegeWebSite.ResearchLInks" name="OrganogramLink" time="2.776"/>
  <system-out/>
  <testcase classname="OrchidCollegeWebSite.ResearchLInks" name="CoreValuesLink" time="4.259"/>
  <system-out/>
  <testcase classname="OrchidCollegeWebSite.ResearchLInks" name="AboutPNESLink" time="3.597"/>
  <system-out/>
  <testcase classname="OrchidCollegeWebSite.ResearchLInks" name="AboutNKOCETLink" time="11.965"/>
  <system-out/>
  <testcase classname="OrchidCollegeWebSite.ResearchLInks" name="VisionMissionLink" time="2.828"/>
  <system-out/>
</testsuite> <!-- OrchidCollegeWebSite.ResearchLInks -->
