<?xml version="1.0" encoding="UTF-8"?>
<!-- Generated by org.testng.reporters.JUnitReportReporter -->
<testsuite hostname="Sourabh" failures="0" tests="6" name="OrchidCollegeWebSite.ResearchLInks" time="27.757" errors="0" timestamp="2023-01-02T12:26:31 IST" skipped="0">
  <testcase classname="OrchidCollegeWebSite.ResearchLInks" name="AboutNKOCETLink" time="10.571"/>
  <system-out/>
  <testcase classname="OrchidCollegeWebSite.ResearchLInks" name="PrincipalsDeskLink" time="4.966"/>
  <system-out/>
  <testcase classname="OrchidCollegeWebSite.ResearchLInks" name="AboutPNESLink" time="2.605"/>
  <system-out/>
  <testcase classname="OrchidCollegeWebSite.ResearchLInks" name="CoreValuesLink" time="2.640"/>
  <system-out/>
  <testcase classname="OrchidCollegeWebSite.ResearchLInks" name="OrganogramLink" time="2.746"/>
  <system-out/>
  <testcase classname="OrchidCollegeWebSite.ResearchLInks" name="VisionMissionLink" time="4.229"/>
  <system-out/>
</testsuite> <!-- OrchidCollegeWebSite.ResearchLInks -->
