<?xml version="1.0" encoding="UTF-8"?>
<!-- Generated by org.testng.reporters.JUnitReportReporter -->
<testsuite hostname="Sourabh" failures="0" tests="2" name="OrchidCollegeWebSite.FeeStructureLinks" time="3.981" errors="0" timestamp="2023-01-02T07:47:37 IST" skipped="0">
  <testcase classname="OrchidCollegeWebSite.FeeStructureLinks" name="FeeStructureforAY2022_23Link" time="0.731"/>
  <system-out/>
  <testcase classname="OrchidCollegeWebSite.FeeStructureLinks" name="FEESTRUCTURETLink" time="3.250"/>
  <system-out/>
</testsuite> <!-- OrchidCollegeWebSite.FeeStructureLinks -->
