<?xml version="1.0" encoding="UTF-8"?>
<!-- Generated by org.testng.reporters.JUnitReportReporter -->
<testsuite hostname="Sourabh" failures="0" tests="1" name="OrchidCollegeWebSite.AdmissionsLInks" time="10.985" errors="0" timestamp="2023-01-02T12:26:31 IST" skipped="0">
  <testcase classname="OrchidCollegeWebSite.AdmissionsLInks" name="AboutNKOCETLink" time="10.985"/>
  <system-out/>
</testsuite> <!-- OrchidCollegeWebSite.AdmissionsLInks -->
