<?xml version="1.0" encoding="UTF-8"?>
<!-- Generated by org.testng.reporters.JUnitReportReporter -->
<testsuite hostname="Sourabh" failures="0" tests="6" name="OrchidCollegeWebSite.AboutUsLInks" time="28.762" errors="0" timestamp="2023-01-02T07:47:37 IST" skipped="0">
  <testcase classname="OrchidCollegeWebSite.AboutUsLInks" name="AboutNKOCETLink" time="5.990"/>
  <system-out/>
  <testcase classname="OrchidCollegeWebSite.AboutUsLInks" name="VisionMissionLink" time="4.549"/>
  <system-out/>
  <testcase classname="OrchidCollegeWebSite.AboutUsLInks" name="OrganogramLink" time="4.709"/>
  <system-out/>
  <testcase classname="OrchidCollegeWebSite.AboutUsLInks" name="CoreValuesLink" time="4.308"/>
  <system-out/>
  <testcase classname="OrchidCollegeWebSite.AboutUsLInks" name="PrincipalsDeskLink" time="4.809"/>
  <system-out/>
  <testcase classname="OrchidCollegeWebSite.AboutUsLInks" name="AboutPNESLink" time="4.397"/>
  <system-out/>
</testsuite> <!-- OrchidCollegeWebSite.AboutUsLInks -->
