<?xml version="1.0" encoding="UTF-8"?>
<!-- Generated by org.testng.reporters.JUnitReportReporter -->
<testsuite hostname="Sourabh" failures="0" tests="6" name="OrchidCollegeWebSite.TrainingAndPlacements" time="75.453" errors="0" timestamp="2023-01-02T07:47:37 IST" skipped="0">
  <testcase classname="OrchidCollegeWebSite.TrainingAndPlacements" name="AboutPNESLink" time="2.733"/>
  <system-out/>
  <testcase classname="OrchidCollegeWebSite.TrainingAndPlacements" name="PrincipalsDeskLink" time="2.968"/>
  <system-out/>
  <testcase classname="OrchidCollegeWebSite.TrainingAndPlacements" name="VisionMissionLink" time="11.516"/>
  <system-out/>
  <testcase classname="OrchidCollegeWebSite.TrainingAndPlacements" name="CoreValuesLink" time="3.168"/>
  <system-out/>
  <testcase classname="OrchidCollegeWebSite.TrainingAndPlacements" name="OrganogramLink" time="0.591"/>
  <system-out/>
  <testcase classname="OrchidCollegeWebSite.TrainingAndPlacements" name="AboutNKOCETLink" time="54.477"/>
  <system-out/>
</testsuite> <!-- OrchidCollegeWebSite.TrainingAndPlacements -->
