<?xml version="1.0" encoding="UTF-8"?>
<!-- Generated by org.testng.reporters.JUnitReportReporter -->
<testsuite hostname="Sourabh" failures="0" tests="7" name="OrchidCollegeWebSite.DepartmentsLInks" time="59.035" errors="0" timestamp="2023-01-02T15:01:49 IST" skipped="0">
  <testcase classname="OrchidCollegeWebSite.DepartmentsLInks" name="CivilEngineering" time="3.589"/>
  <system-out/>
  <testcase classname="OrchidCollegeWebSite.DepartmentsLInks" name="GeneralEngg" time="4.005"/>
  <system-out/>
  <testcase classname="OrchidCollegeWebSite.DepartmentsLInks" name="ArtificialIntelligance" time="5.812"/>
  <system-out/>
  <testcase classname="OrchidCollegeWebSite.DepartmentsLInks" name="Electrical" time="2.405"/>
  <system-out/>
  <testcase classname="OrchidCollegeWebSite.DepartmentsLInks" name="ComputerScienceAndEngg" time="13.118"/>
  <system-out/>
  <testcase classname="OrchidCollegeWebSite.DepartmentsLInks" name="ENTC" time="25.540"/>
  <system-out/>
  <testcase classname="OrchidCollegeWebSite.DepartmentsLInks" name="Mechcanical" time="4.566"/>
  <system-out/>
</testsuite> <!-- OrchidCollegeWebSite.DepartmentsLInks -->
