<?xml version="1.0" encoding="UTF-8"?>
<!-- Generated by org.testng.reporters.JUnitReportReporter -->
<testsuite hostname="Sourabh" failures="0" tests="2" name="OrchidCollegeWebSite.AboutUsLInks10" time="3.696" errors="0" timestamp="2022-12-17T21:00:24 IST" skipped="0">
  <testcase classname="OrchidCollegeWebSite.AboutUsLInks10" name="FEESTRUCTURETLink" time="2.955"/>
  <system-out/>
  <testcase classname="OrchidCollegeWebSite.AboutUsLInks10" name="FeeStructureforAY2022_23Link" time="0.741"/>
  <system-out/>
</testsuite> <!-- OrchidCollegeWebSite.AboutUsLInks10 -->
