<?xml version="1.0" encoding="UTF-8"?>
<!-- Generated by org.testng.reporters.JUnitReportReporter -->
<testsuite hostname="Sourabh" failures="0" tests="6" name="OrchidCollegeWebSite.CampusLife" time="23.622" errors="0" timestamp="2023-01-02T12:26:31 IST" skipped="0">
  <testcase classname="OrchidCollegeWebSite.CampusLife" name="OrganogramLink" time="2.528"/>
  <system-out/>
  <testcase classname="OrchidCollegeWebSite.CampusLife" name="VisionMissionLink" time="2.738"/>
  <system-out/>
  <testcase classname="OrchidCollegeWebSite.CampusLife" name="CoreValuesLink" time="4.105"/>
  <system-out/>
  <testcase classname="OrchidCollegeWebSite.CampusLife" name="PrincipalsDeskLink" time="0.767"/>
  <system-out/>
  <testcase classname="OrchidCollegeWebSite.CampusLife" name="AboutNKOCETLink" time="9.854"/>
  <system-out/>
  <testcase classname="OrchidCollegeWebSite.CampusLife" name="AboutPNESLink" time="3.630"/>
  <system-out/>
</testsuite> <!-- OrchidCollegeWebSite.CampusLife -->
