<?xml version="1.0" encoding="UTF-8"?>
<!-- Generated by org.testng.reporters.JUnitReportReporter -->
<testsuite hostname="Sourabh" failures="0" tests="3" name="OrchidCollegeWebSite.ContactUs" time="11.715" errors="0" timestamp="2023-01-02T12:26:31 IST" skipped="0">
  <testcase classname="OrchidCollegeWebSite.ContactUs" name="contactUsTest" time="3.243"/>
  <system-out/>
  <testcase classname="OrchidCollegeWebSite.ContactUs" name="VisionMissionLink" time="2.640"/>
  <system-out/>
  <testcase classname="OrchidCollegeWebSite.ContactUs" name="AboutPNESLink" time="5.832"/>
  <system-out/>
</testsuite> <!-- OrchidCollegeWebSite.ContactUs -->
