<?xml version="1.0" encoding="UTF-8"?>
<!-- Generated by org.testng.reporters.JUnitReportReporter -->
<testsuite hostname="Sourabh" failures="0" tests="1" name="OrchidCollegeWebSite.OrchidWebSiteTest" time="1.262" errors="0" timestamp="2022-12-14T10:23:02 IST" skipped="0">
  <testcase classname="OrchidCollegeWebSite.OrchidWebSiteTest" name="noLink" time="1.262"/>
  <system-out/>
</testsuite> <!-- OrchidCollegeWebSite.OrchidWebSiteTest -->
