<?xml version="1.0" encoding="UTF-8"?>
<!-- Generated by org.testng.reporters.JUnitReportReporter -->
<testsuite hostname="Sourabh" failures="0" tests="8" name="OrchidCollegeWebSite.OrchidWebSiteTest" time="76.790" errors="0" timestamp="2023-01-02T12:26:31 IST" skipped="0">
  <testcase classname="OrchidCollegeWebSite.OrchidWebSiteTest" name="linkTestLinkediInLinkTest" time="5.297"/>
  <system-out/>
  <testcase classname="OrchidCollegeWebSite.OrchidWebSiteTest" name="entcDepartmentTest" time="5.474"/>
  <system-out/>
  <testcase classname="OrchidCollegeWebSite.OrchidWebSiteTest" name="searchButtonTest" time="28.021"/>
  <system-out/>
  <testcase classname="OrchidCollegeWebSite.OrchidWebSiteTest" name="linkTestFacebookLinkTest" time="0.268"/>
  <system-out/>
  <testcase classname="OrchidCollegeWebSite.OrchidWebSiteTest" name="contactUsTest" time="6.419"/>
  <system-out/>
  <testcase classname="OrchidCollegeWebSite.OrchidWebSiteTest" name="noLinkTest" time="20.712"/>
  <system-out/>
  <testcase classname="OrchidCollegeWebSite.OrchidWebSiteTest" name="linkTestTwitterLinkTest" time="5.256"/>
  <system-out/>
  <testcase classname="OrchidCollegeWebSite.OrchidWebSiteTest" name="linkTestYoutubeLinkTest" time="5.343"/>
  <system-out/>
</testsuite> <!-- OrchidCollegeWebSite.OrchidWebSiteTest -->
