<?xml version="1.0" encoding="UTF-8"?>
<!-- Generated by org.testng.reporters.JUnitReportReporter -->
<testsuite hostname="Sourabh" failures="0" tests="6" name="OrchidCollegeWebSite.AboutUsLInks" time="39.894" errors="0" timestamp="2023-01-02T12:26:31 IST" skipped="0">
  <testcase classname="OrchidCollegeWebSite.AboutUsLInks" name="AboutPNESLink" time="5.894"/>
  <system-out/>
  <testcase classname="OrchidCollegeWebSite.AboutUsLInks" name="OrganogramLink" time="4.857"/>
  <system-out/>
  <testcase classname="OrchidCollegeWebSite.AboutUsLInks" name="VisionMissionLink" time="4.759"/>
  <system-out/>
  <testcase classname="OrchidCollegeWebSite.AboutUsLInks" name="AboutNKOCETLink" time="12.300"/>
  <system-out/>
  <testcase classname="OrchidCollegeWebSite.AboutUsLInks" name="PrincipalsDeskLink" time="4.795"/>
  <system-out/>
  <testcase classname="OrchidCollegeWebSite.AboutUsLInks" name="CoreValuesLink" time="7.289"/>
  <system-out/>
</testsuite> <!-- OrchidCollegeWebSite.AboutUsLInks -->
