<?xml version="1.0" encoding="UTF-8"?>
<!-- Generated by org.testng.reporters.JUnitReportReporter -->
<testsuite hostname="Sourabh" failures="0" tests="6" name="OrchidCollegeWebSite.CampusLife" time="14.142" errors="0" timestamp="2023-01-02T07:47:37 IST" skipped="0">
  <testcase classname="OrchidCollegeWebSite.CampusLife" name="PrincipalsDeskLink" time="0.665"/>
  <system-out/>
  <testcase classname="OrchidCollegeWebSite.CampusLife" name="AboutPNESLink" time="2.302"/>
  <system-out/>
  <testcase classname="OrchidCollegeWebSite.CampusLife" name="OrganogramLink" time="2.400"/>
  <system-out/>
  <testcase classname="OrchidCollegeWebSite.CampusLife" name="VisionMissionLink" time="2.396"/>
  <system-out/>
  <testcase classname="OrchidCollegeWebSite.CampusLife" name="CoreValuesLink" time="3.016"/>
  <system-out/>
  <testcase classname="OrchidCollegeWebSite.CampusLife" name="AboutNKOCETLink" time="3.363"/>
  <system-out/>
</testsuite> <!-- OrchidCollegeWebSite.CampusLife -->
