<?xml version="1.0" encoding="UTF-8"?>
<!-- Generated by org.testng.reporters.JUnitReportReporter -->
<testsuite hostname="Sourabh" failures="0" tests="10" name="OrchidCollegeWebSite.Research" time="33.923" errors="0" timestamp="2023-01-02T07:47:37 IST" skipped="0">
  <testcase classname="OrchidCollegeWebSite.Research" name="OrganogramLink4" time="3.129"/>
  <system-out/>
  <testcase classname="OrchidCollegeWebSite.Research" name="VisionMissionLink" time="2.817"/>
  <system-out/>
  <testcase classname="OrchidCollegeWebSite.Research" name="OrganogramLink1" time="3.082"/>
  <system-out/>
  <testcase classname="OrchidCollegeWebSite.Research" name="OrganogramLink2" time="3.468"/>
  <system-out/>
  <testcase classname="OrchidCollegeWebSite.Research" name="OrganogramLink" time="3.083"/>
  <system-out/>
  <testcase classname="OrchidCollegeWebSite.Research" name="PrincipalsDeskLink" time="3.689"/>
  <system-out/>
  <testcase classname="OrchidCollegeWebSite.Research" name="AboutPNESLink" time="3.188"/>
  <system-out/>
  <testcase classname="OrchidCollegeWebSite.Research" name="CoreValuesLink" time="2.683"/>
  <system-out/>
  <testcase classname="OrchidCollegeWebSite.Research" name="OrganogramLink3" time="3.535"/>
  <system-out/>
  <testcase classname="OrchidCollegeWebSite.Research" name="AboutNKOCETLink" time="5.249"/>
  <system-out/>
</testsuite> <!-- OrchidCollegeWebSite.Research -->
