<?xml version="1.0" encoding="UTF-8"?>
<!-- Generated by org.testng.reporters.JUnitReportReporter -->
<testsuite hostname="Sourabh" failures="0" tests="1" name="OrchidCollegeWebSite.SuggestionsOrGrievances" time="7.415" errors="0" timestamp="2023-01-02T12:26:31 IST" skipped="0">
  <testcase classname="OrchidCollegeWebSite.SuggestionsOrGrievances" name="AboutNKOCETLink" time="7.415"/>
  <system-out/>
</testsuite> <!-- OrchidCollegeWebSite.SuggestionsOrGrievances -->
