<?xml version="1.0" encoding="UTF-8"?>
<!-- Generated by org.testng.reporters.JUnitReportReporter -->
<testsuite hostname="Sourabh" failures="0" tests="6" name="OrchidCollegeWebSite.TrainingAndPlacements" time="28.884" errors="0" timestamp="2023-01-02T12:26:31 IST" skipped="0">
  <testcase classname="OrchidCollegeWebSite.TrainingAndPlacements" name="AboutNKOCETLink" time="9.219"/>
  <system-out/>
  <testcase classname="OrchidCollegeWebSite.TrainingAndPlacements" name="OrganogramLink" time="0.624"/>
  <system-out/>
  <testcase classname="OrchidCollegeWebSite.TrainingAndPlacements" name="CoreValuesLink" time="5.154"/>
  <system-out/>
  <testcase classname="OrchidCollegeWebSite.TrainingAndPlacements" name="AboutPNESLink" time="4.033"/>
  <system-out/>
  <testcase classname="OrchidCollegeWebSite.TrainingAndPlacements" name="VisionMissionLink" time="7.251"/>
  <system-out/>
  <testcase classname="OrchidCollegeWebSite.TrainingAndPlacements" name="PrincipalsDeskLink" time="2.603"/>
  <system-out/>
</testsuite> <!-- OrchidCollegeWebSite.TrainingAndPlacements -->
